<?xml version="1.0" encoding="UTF-8"?>
<robot generator="Robot 4.1 (Python 3.9.0 on win32)" generated="20230525 10:54:01.050" rpa="false" schemaversion="2">
<suite id="s1" name="Flights" source="C:\Users\158222\robot assignment\PHPTravels\module\flights.robot">
<kw name="Open Browser and Login" library="common_keywords" type="SETUP">
<kw name="Open Browser" library="SeleniumLibrary">
<arg>${URL}</arg>
<arg>Chrome</arg>
<doc>Opens a new browser instance to the optional ``url``.</doc>
<msg timestamp="20230525 10:54:01.320" level="INFO">Opening browser 'Chrome' to base url 'https://phptravels.net/'.</msg>
<status status="PASS" starttime="20230525 10:54:01.320" endtime="20230525 10:54:05.263"/>
</kw>
<kw name="Maximize Browser Window" library="SeleniumLibrary">
<doc>Maximizes current browser window.</doc>
<status status="PASS" starttime="20230525 10:54:05.263" endtime="20230525 10:54:05.388"/>
</kw>
<status status="PASS" starttime="20230525 10:54:01.320" endtime="20230525 10:54:05.388"/>
</kw>
<test id="s1-t1" name="Verify Flight Tab">
<kw name="Element Text Should Be" library="SeleniumLibrary">
<arg>${FlightTab}</arg>
<arg>${FlightTabText}</arg>
<doc>Verifies that element ``locator`` contains exact the text ``expected``.</doc>
<msg timestamp="20230525 10:54:05.388" level="INFO">Verifying element '(//span[@class='text'])[2]' contains exact text 'Flights'.</msg>
<status status="PASS" starttime="20230525 10:54:05.388" endtime="20230525 10:54:05.432"/>
</kw>
<kw name="Click Element" library="SeleniumLibrary">
<arg>${FlightTab}</arg>
<doc>Click the element identified by ``locator``.</doc>
<msg timestamp="20230525 10:54:05.436" level="INFO">Clicking element '(//span[@class='text'])[2]'.</msg>
<status status="PASS" starttime="20230525 10:54:05.434" endtime="20230525 10:54:05.646"/>
</kw>
<kw name="Click Element" library="SeleniumLibrary">
<arg>${FlightType}</arg>
<doc>Click the element identified by ``locator``.</doc>
<msg timestamp="20230525 10:54:05.647" level="INFO">Clicking element 'css=select[id='flight_type']'.</msg>
<status status="PASS" starttime="20230525 10:54:05.647" endtime="20230525 10:54:05.756"/>
</kw>
<kw name="Select From List By Value" library="SeleniumLibrary">
<arg>${FlightType}</arg>
<arg>first</arg>
<doc>Selects options from selection list ``locator`` by ``values``.</doc>
<msg timestamp="20230525 10:54:05.757" level="INFO">Selecting options from selection list 'css=select[id='flight_type']' by value first.</msg>
<status status="PASS" starttime="20230525 10:54:05.757" endtime="20230525 10:54:05.839"/>
</kw>
<kw name="Click Element" library="SeleniumLibrary">
<arg>${FlightFrom}</arg>
<doc>Click the element identified by ``locator``.</doc>
<msg timestamp="20230525 10:54:05.840" level="INFO">Clicking element '(//input[@placeholder='Flying From'])[1]'.</msg>
<status status="PASS" starttime="20230525 10:54:05.839" endtime="20230525 10:54:05.955"/>
</kw>
<kw name="Input Text" library="SeleniumLibrary">
<arg>${FlightFrom}</arg>
<arg>${FirstCity}</arg>
<doc>Types the given ``text`` into the text field identified by ``locator``.</doc>
<msg timestamp="20230525 10:54:05.957" level="INFO">Typing text 'Ahmedabad' into text field '(//input[@placeholder='Flying From'])[1]'.</msg>
<status status="PASS" starttime="20230525 10:54:05.957" endtime="20230525 10:54:06.475"/>
</kw>
<kw name="Wait Until Element Is Visible" library="SeleniumLibrary">
<arg>${FlightFirstCity}</arg>
<doc>Waits until the element ``locator`` is visible.</doc>
<status status="PASS" starttime="20230525 10:54:06.475" endtime="20230525 10:54:06.528"/>
</kw>
<kw name="Click Element" library="SeleniumLibrary">
<arg>${FlightFirstCity}</arg>
<doc>Click the element identified by ``locator``.</doc>
<msg timestamp="20230525 10:54:06.531" level="INFO">Clicking element '//div[text()='Ahmedabad, India']'.</msg>
<status status="PASS" starttime="20230525 10:54:06.530" endtime="20230525 10:54:06.610"/>
</kw>
<kw name="Click Element" library="SeleniumLibrary">
<arg>${FlightTo}</arg>
<doc>Click the element identified by ``locator``.</doc>
<msg timestamp="20230525 10:54:06.612" level="INFO">Clicking element '(//input[@placeholder='To Destination'])[1]'.</msg>
<status status="PASS" starttime="20230525 10:54:06.611" endtime="20230525 10:54:06.687"/>
</kw>
<kw name="Input Text" library="SeleniumLibrary">
<arg>${FlightTo}</arg>
<arg>${SecondCity}</arg>
<doc>Types the given ``text`` into the text field identified by ``locator``.</doc>
<msg timestamp="20230525 10:54:06.688" level="INFO">Typing text 'Surat' into text field '(//input[@placeholder='To Destination'])[1]'.</msg>
<status status="PASS" starttime="20230525 10:54:06.688" endtime="20230525 10:54:06.830"/>
</kw>
<kw name="Wait Until Element Is Visible" library="SeleniumLibrary">
<arg>${FlightSecondCity}</arg>
<doc>Waits until the element ``locator`` is visible.</doc>
<status status="PASS" starttime="20230525 10:54:06.830" endtime="20230525 10:54:06.879"/>
</kw>
<kw name="Click Element" library="SeleniumLibrary">
<arg>${FlightSecondCity}</arg>
<doc>Click the element identified by ``locator``.</doc>
<msg timestamp="20230525 10:54:06.880" level="INFO">Clicking element '//div[text()='Surat, India']'.</msg>
<status status="PASS" starttime="20230525 10:54:06.880" endtime="20230525 10:54:06.927"/>
</kw>
<kw name="Select Date From Today" library="common_keywords">
<var>${Checkout}</var>
<arg>3</arg>
<kw name="Get Time" library="BuiltIn">
<var>${day}</var>
<arg>day</arg>
<doc>Returns the given time in the requested format.</doc>
<msg timestamp="20230525 10:54:06.929" level="INFO">${day} = 25</msg>
<status status="PASS" starttime="20230525 10:54:06.929" endtime="20230525 10:54:06.929"/>
</kw>
<kw name="Evaluate" library="BuiltIn">
<var>${d}</var>
<arg>${day}+${AddDay}</arg>
<doc>Evaluates the given expression in Python and returns the result.</doc>
<msg timestamp="20230525 10:54:06.930" level="INFO">${d} = 28</msg>
<status status="PASS" starttime="20230525 10:54:06.929" endtime="20230525 10:54:06.930"/>
</kw>
<kw name="Convert To String" library="BuiltIn">
<var>${d}</var>
<arg>${d}</arg>
<doc>Converts the given item to a Unicode string.</doc>
<msg timestamp="20230525 10:54:06.930" level="INFO">${d} = 28</msg>
<status status="PASS" starttime="20230525 10:54:06.930" endtime="20230525 10:54:06.930"/>
</kw>
<msg timestamp="20230525 10:54:06.930" level="INFO">${Checkout} = 28</msg>
<status status="PASS" starttime="20230525 10:54:06.929" endtime="20230525 10:54:06.930"/>
</kw>
<kw name="Replace String" library="String">
<var>${CheckOutDate}</var>
<arg>(//td[text()='DATE'])[5]</arg>
<arg>DATE</arg>
<arg>${Checkout}</arg>
<doc>Replaces ``search_for`` in the given ``string`` with ``replace_with``.</doc>
<msg timestamp="20230525 10:54:06.931" level="INFO">${CheckOutDate} = (//td[text()='28'])[5]</msg>
<status status="PASS" starttime="20230525 10:54:06.931" endtime="20230525 10:54:06.931"/>
</kw>
<kw name="Click Element" library="SeleniumLibrary">
<arg>${DepartureDate}</arg>
<doc>Click the element identified by ``locator``.</doc>
<msg timestamp="20230525 10:54:06.931" level="INFO">Clicking element '(//input[@id='departure'])[1]'.</msg>
<status status="PASS" starttime="20230525 10:54:06.931" endtime="20230525 10:54:06.991"/>
</kw>
<kw name="Execute Javascript" library="SeleniumLibrary">
<arg>document.querySelector("${ScrollForFlights}").scrollIntoView(true)</arg>
<doc>Executes the given JavaScript code with possible arguments.</doc>
<msg timestamp="20230525 10:54:06.992" level="INFO">Executing JavaScript:
document.querySelector("li[data-position='2']").scrollIntoView(true)
Without any arguments.</msg>
<status status="PASS" starttime="20230525 10:54:06.991" endtime="20230525 10:54:06.997"/>
</kw>
<kw name="Sleep" library="BuiltIn">
<arg>0.5</arg>
<doc>Pauses the test executed for the given time.</doc>
<msg timestamp="20230525 10:54:07.512" level="INFO">Slept 500 milliseconds</msg>
<status status="PASS" starttime="20230525 10:54:07.000" endtime="20230525 10:54:07.513"/>
</kw>
<kw name="Click Element" library="SeleniumLibrary">
<arg>${CheckOutDate}</arg>
<doc>Click the element identified by ``locator``.</doc>
<msg timestamp="20230525 10:54:07.516" level="INFO">Clicking element '(//td[text()='28'])[5]'.</msg>
<status status="PASS" starttime="20230525 10:54:07.513" endtime="20230525 10:54:07.584"/>
</kw>
<kw name="Click Element" library="SeleniumLibrary">
<arg>${DropDownForFlights}</arg>
<doc>Click the element identified by ``locator``.</doc>
<msg timestamp="20230525 10:54:07.585" level="INFO">Clicking element '(//a[@class='dropdown-toggle dropdown-btn travellers waves-effect'])[2]'.</msg>
<status status="PASS" starttime="20230525 10:54:07.584" endtime="20230525 10:54:07.644"/>
</kw>
<kw name="Wait Until Page Contains Element" library="SeleniumLibrary">
<arg>${FlightsDropDown}</arg>
<doc>Waits until the element ``locator`` appears on the current page.</doc>
<status status="PASS" starttime="20230525 10:54:07.646" endtime="20230525 10:54:07.662"/>
</kw>
<kw name="Click Element" library="SeleniumLibrary">
<arg>${UpdatePassengers}</arg>
<doc>Click the element identified by ``locator``.</doc>
<msg timestamp="20230525 10:54:07.664" level="INFO">Clicking element '(//div[@class='qtyInc'])[4]'.</msg>
<status status="PASS" starttime="20230525 10:54:07.663" endtime="20230525 10:54:07.741"/>
</kw>
<kw name="Click Element" library="SeleniumLibrary">
<arg>${SearchFlights}</arg>
<doc>Click the element identified by ``locator``.</doc>
<msg timestamp="20230525 10:54:07.743" level="INFO">Clicking element 'css=button[id='flights-search']'.</msg>
<status status="PASS" starttime="20230525 10:54:07.742" endtime="20230525 10:54:09.278"/>
</kw>
<kw name="Wait Until Page Contains Element" library="SeleniumLibrary">
<arg>${ValidateFlightTabPage}</arg>
<doc>Waits until the element ``locator`` appears on the current page.</doc>
<status status="PASS" starttime="20230525 10:54:09.279" endtime="20230525 10:54:09.301"/>
</kw>
<kw name="Go Back" library="SeleniumLibrary">
<doc>Simulates the user clicking the back button on their browser.</doc>
<status status="PASS" starttime="20230525 10:54:09.301" endtime="20230525 10:54:11.115"/>
</kw>
<kw name="Click Element" library="SeleniumLibrary">
<arg>${FlightTab}</arg>
<doc>Click the element identified by ``locator``.</doc>
<msg timestamp="20230525 10:54:11.115" level="INFO">Clicking element '(//span[@class='text'])[2]'.</msg>
<status status="PASS" starttime="20230525 10:54:11.115" endtime="20230525 10:54:11.549"/>
</kw>
<kw name="Click Element" library="SeleniumLibrary">
<arg>${RoundTrip}</arg>
<doc>Click the element identified by ``locator``.</doc>
<msg timestamp="20230525 10:54:11.549" level="INFO">Clicking element 'css=input[id='round-trip']'.</msg>
<status status="PASS" starttime="20230525 10:54:11.549" endtime="20230525 10:54:11.654"/>
</kw>
<kw name="Click Element" library="SeleniumLibrary">
<arg>${FlightType}</arg>
<doc>Click the element identified by ``locator``.</doc>
<msg timestamp="20230525 10:54:11.655" level="INFO">Clicking element 'css=select[id='flight_type']'.</msg>
<status status="PASS" starttime="20230525 10:54:11.655" endtime="20230525 10:54:11.713"/>
</kw>
<kw name="Select From List By Value" library="SeleniumLibrary">
<arg>${FlightType}</arg>
<arg>first</arg>
<doc>Selects options from selection list ``locator`` by ``values``.</doc>
<msg timestamp="20230525 10:54:11.718" level="INFO">Selecting options from selection list 'css=select[id='flight_type']' by value first.</msg>
<status status="PASS" starttime="20230525 10:54:11.715" endtime="20230525 10:54:11.810"/>
</kw>
<kw name="Click Element" library="SeleniumLibrary">
<arg>${FlightFrom}</arg>
<doc>Click the element identified by ``locator``.</doc>
<msg timestamp="20230525 10:54:11.812" level="INFO">Clicking element '(//input[@placeholder='Flying From'])[1]'.</msg>
<status status="PASS" starttime="20230525 10:54:11.811" endtime="20230525 10:54:12.027"/>
</kw>
<kw name="Input Text" library="SeleniumLibrary">
<arg>${FlightFrom}</arg>
<arg>${FirstCity}</arg>
<doc>Types the given ``text`` into the text field identified by ``locator``.</doc>
<msg timestamp="20230525 10:54:12.028" level="INFO">Typing text 'Ahmedabad' into text field '(//input[@placeholder='Flying From'])[1]'.</msg>
<status status="PASS" starttime="20230525 10:54:12.028" endtime="20230525 10:54:12.474"/>
</kw>
<kw name="Wait Until Element Is Visible" library="SeleniumLibrary">
<arg>${FlightFirstCity}</arg>
<doc>Waits until the element ``locator`` is visible.</doc>
<status status="PASS" starttime="20230525 10:54:12.475" endtime="20230525 10:54:12.509"/>
</kw>
<kw name="Click Element" library="SeleniumLibrary">
<arg>${FlightFirstCity}</arg>
<doc>Click the element identified by ``locator``.</doc>
<msg timestamp="20230525 10:54:12.510" level="INFO">Clicking element '//div[text()='Ahmedabad, India']'.</msg>
<status status="PASS" starttime="20230525 10:54:12.510" endtime="20230525 10:54:12.555"/>
</kw>
<kw name="Click Element" library="SeleniumLibrary">
<arg>${FlightTo}</arg>
<doc>Click the element identified by ``locator``.</doc>
<msg timestamp="20230525 10:54:12.556" level="INFO">Clicking element '(//input[@placeholder='To Destination'])[1]'.</msg>
<status status="PASS" starttime="20230525 10:54:12.556" endtime="20230525 10:54:12.618"/>
</kw>
<kw name="Input Text" library="SeleniumLibrary">
<arg>${FlightTo}</arg>
<arg>${SecondCity}</arg>
<doc>Types the given ``text`` into the text field identified by ``locator``.</doc>
<msg timestamp="20230525 10:54:12.619" level="INFO">Typing text 'Surat' into text field '(//input[@placeholder='To Destination'])[1]'.</msg>
<status status="PASS" starttime="20230525 10:54:12.618" endtime="20230525 10:54:12.802"/>
</kw>
<kw name="Wait Until Element Is Visible" library="SeleniumLibrary">
<arg>${FlightSecondCity}</arg>
<doc>Waits until the element ``locator`` is visible.</doc>
<status status="PASS" starttime="20230525 10:54:12.803" endtime="20230525 10:54:12.827"/>
</kw>
<kw name="Click Element" library="SeleniumLibrary">
<arg>${FlightSecondCity}</arg>
<doc>Click the element identified by ``locator``.</doc>
<msg timestamp="20230525 10:54:12.828" level="INFO">Clicking element '//div[text()='Surat, India']'.</msg>
<status status="PASS" starttime="20230525 10:54:12.828" endtime="20230525 10:54:12.871"/>
</kw>
<kw name="Execute Javascript" library="SeleniumLibrary">
<arg>window.scrollTo(0,200)</arg>
<doc>Executes the given JavaScript code with possible arguments.</doc>
<msg timestamp="20230525 10:54:12.872" level="INFO">Executing JavaScript:
window.scrollTo(0,200)
Without any arguments.</msg>
<status status="PASS" starttime="20230525 10:54:12.872" endtime="20230525 10:54:12.877"/>
</kw>
<kw name="Sleep" library="BuiltIn">
<arg>0.5</arg>
<doc>Pauses the test executed for the given time.</doc>
<msg timestamp="20230525 10:54:13.381" level="INFO">Slept 500 milliseconds</msg>
<status status="PASS" starttime="20230525 10:54:12.877" endtime="20230525 10:54:13.381"/>
</kw>
<kw name="Click Element" library="SeleniumLibrary">
<arg>${DepartureDate}</arg>
<doc>Click the element identified by ``locator``.</doc>
<msg timestamp="20230525 10:54:13.382" level="INFO">Clicking element '(//input[@id='departure'])[1]'.</msg>
<status status="PASS" starttime="20230525 10:54:13.382" endtime="20230525 10:54:13.434"/>
</kw>
<kw name="Click Element" library="SeleniumLibrary">
<arg>${CheckOutDate}</arg>
<doc>Click the element identified by ``locator``.</doc>
<msg timestamp="20230525 10:54:13.435" level="INFO">Clicking element '(//td[text()='28'])[5]'.</msg>
<status status="PASS" starttime="20230525 10:54:13.435" endtime="20230525 10:54:13.486"/>
</kw>
<kw name="Wait Until Element Is Visible" library="SeleniumLibrary">
<arg>${ReturnDate}</arg>
<doc>Waits until the element ``locator`` is visible.</doc>
<status status="PASS" starttime="20230525 10:54:13.487" endtime="20230525 10:54:13.521"/>
</kw>
<kw name="Select Date From Today" library="common_keywords">
<var>${Checkout}</var>
<arg>4</arg>
<kw name="Get Time" library="BuiltIn">
<var>${day}</var>
<arg>day</arg>
<doc>Returns the given time in the requested format.</doc>
<msg timestamp="20230525 10:54:13.524" level="INFO">${day} = 25</msg>
<status status="PASS" starttime="20230525 10:54:13.522" endtime="20230525 10:54:13.524"/>
</kw>
<kw name="Evaluate" library="BuiltIn">
<var>${d}</var>
<arg>${day}+${AddDay}</arg>
<doc>Evaluates the given expression in Python and returns the result.</doc>
<msg timestamp="20230525 10:54:13.524" level="INFO">${d} = 29</msg>
<status status="PASS" starttime="20230525 10:54:13.524" endtime="20230525 10:54:13.524"/>
</kw>
<kw name="Convert To String" library="BuiltIn">
<var>${d}</var>
<arg>${d}</arg>
<doc>Converts the given item to a Unicode string.</doc>
<msg timestamp="20230525 10:54:13.524" level="INFO">${d} = 29</msg>
<status status="PASS" starttime="20230525 10:54:13.524" endtime="20230525 10:54:13.524"/>
</kw>
<msg timestamp="20230525 10:54:13.524" level="INFO">${Checkout} = 29</msg>
<status status="PASS" starttime="20230525 10:54:13.522" endtime="20230525 10:54:13.524"/>
</kw>
<kw name="Replace String" library="String">
<var>${CheckOutDate}</var>
<arg>(//td[text()='DATE'])[6]</arg>
<arg>DATE</arg>
<arg>${Checkout}</arg>
<doc>Replaces ``search_for`` in the given ``string`` with ``replace_with``.</doc>
<msg timestamp="20230525 10:54:13.525" level="INFO">${CheckOutDate} = (//td[text()='29'])[6]</msg>
<status status="PASS" starttime="20230525 10:54:13.525" endtime="20230525 10:54:13.525"/>
</kw>
<kw name="Click Element" library="SeleniumLibrary">
<arg>${CheckOutDate}</arg>
<doc>Click the element identified by ``locator``.</doc>
<msg timestamp="20230525 10:54:13.526" level="INFO">Clicking element '(//td[text()='29'])[6]'.</msg>
<status status="PASS" starttime="20230525 10:54:13.526" endtime="20230525 10:54:13.599"/>
</kw>
<kw name="Click Element" library="SeleniumLibrary">
<arg>${DropDownForFlights}</arg>
<doc>Click the element identified by ``locator``.</doc>
<msg timestamp="20230525 10:54:13.600" level="INFO">Clicking element '(//a[@class='dropdown-toggle dropdown-btn travellers waves-effect'])[2]'.</msg>
<status status="PASS" starttime="20230525 10:54:13.600" endtime="20230525 10:54:13.639"/>
</kw>
<kw name="Wait Until Page Contains Element" library="SeleniumLibrary">
<arg>${FlightsDropDown}</arg>
<doc>Waits until the element ``locator`` appears on the current page.</doc>
<status status="PASS" starttime="20230525 10:54:13.640" endtime="20230525 10:54:13.660"/>
</kw>
<kw name="Click Element" library="SeleniumLibrary">
<arg>${UpdatePassengers}</arg>
<doc>Click the element identified by ``locator``.</doc>
<msg timestamp="20230525 10:54:13.661" level="INFO">Clicking element '(//div[@class='qtyInc'])[4]'.</msg>
<status status="PASS" starttime="20230525 10:54:13.661" endtime="20230525 10:54:13.717"/>
</kw>
<kw name="Click Element" library="SeleniumLibrary">
<arg>${SearchFlights}</arg>
<doc>Click the element identified by ``locator``.</doc>
<msg timestamp="20230525 10:54:13.719" level="INFO">Clicking element 'css=button[id='flights-search']'.</msg>
<status status="PASS" starttime="20230525 10:54:13.718" endtime="20230525 10:54:15.118"/>
</kw>
<kw name="Wait Until Page Contains Element" library="SeleniumLibrary">
<arg>${ValidateFlightTabPage}</arg>
<doc>Waits until the element ``locator`` appears on the current page.</doc>
<status status="PASS" starttime="20230525 10:54:15.118" endtime="20230525 10:54:15.144"/>
</kw>
<kw name="Go Back" library="SeleniumLibrary">
<doc>Simulates the user clicking the back button on their browser.</doc>
<status status="PASS" starttime="20230525 10:54:15.146" endtime="20230525 10:54:16.950"/>
</kw>
<status status="PASS" starttime="20230525 10:54:05.388" endtime="20230525 10:54:16.950"/>
</test>
<kw name="Sign Out And Close Browser" library="common_keywords" type="TEARDOWN">
<kw name="Close Browser" library="SeleniumLibrary">
<doc>Closes the current browser.</doc>
<status status="PASS" starttime="20230525 10:54:16.952" endtime="20230525 10:54:19.088"/>
</kw>
<status status="PASS" starttime="20230525 10:54:16.952" endtime="20230525 10:54:19.088"/>
</kw>
<status status="PASS" starttime="20230525 10:54:01.050" endtime="20230525 10:54:19.088"/>
</suite>
<statistics>
<total>
<stat pass="1" fail="0" skip="0">All Tests</stat>
</total>
<tag>
</tag>
<suite>
<stat pass="1" fail="0" skip="0" id="s1" name="Flights">Flights</stat>
</suite>
</statistics>
<errors>
<msg timestamp="20230525 10:54:01.320" level="WARN">Imported library 'C:\Users\158222\robot assignment\PHPTravels\common\extendedLibrary.py' contains no keywords.</msg>
</errors>
</robot>
