<?xml version="1.0" encoding="UTF-8"?>
<robot generator="Robot 4.1 (Python 3.9.0 on win32)" generated="20230607 10:58:33.037" rpa="false" schemaversion="2">
<suite id="s1" name="Holiday List Difference" source="C:\Users\158222\robot assignment\Intranet\Intranet\module1\holiday_list_difference.robot">
<kw name="Open Browser and Login" library="common_keywords" type="SETUP">
<kw name="Open Browser" library="SeleniumLibrary">
<arg>${URL}</arg>
<arg>Chrome</arg>
<doc>Opens a new browser instance to the optional ``url``.</doc>
<msg timestamp="20230607 10:58:33.334" level="INFO">Opening browser 'Chrome' to base url 'https://intranet.einfochips.com/'.</msg>
<status status="PASS" starttime="20230607 10:58:33.334" endtime="20230607 10:58:35.893"/>
</kw>
<kw name="Maximize Browser Window" library="SeleniumLibrary">
<doc>Maximizes current browser window.</doc>
<status status="PASS" starttime="20230607 10:58:35.893" endtime="20230607 10:58:36.023"/>
</kw>
<status status="PASS" starttime="20230607 10:58:33.330" endtime="20230607 10:58:36.023"/>
</kw>
<test id="s1-t1" name="Validate Home Page">
<kw name="Wait Until Page Contains Element" library="SeleniumLibrary">
<arg>${Logo}</arg>
<doc>Waits until the element ``locator`` appears on the current page.</doc>
<status status="PASS" starttime="20230607 10:58:36.023" endtime="20230607 10:58:39.615"/>
</kw>
<status status="PASS" starttime="20230607 10:58:36.023" endtime="20230607 10:58:39.615"/>
</test>
<test id="s1-t2" name="Hovering And Clicking Holiday List">
<kw name="Mouse Over" library="SeleniumLibrary">
<arg>${HoverOverHome}</arg>
<doc>Simulates hovering the mouse over the element ``locator``.</doc>
<msg timestamp="20230607 10:58:39.615" level="INFO">Simulating Mouse Over on element 'xpath=//a[text()='Home ']'.</msg>
<status status="PASS" starttime="20230607 10:58:39.615" endtime="20230607 10:58:39.906"/>
</kw>
<kw name="Click Element" library="SeleniumLibrary">
<arg>${ClickOnHoidayList}</arg>
<doc>Click the element identified by ``locator``.</doc>
<msg timestamp="20230607 10:58:39.908" level="INFO">Clicking element 'xpath=//a[text()='Holiday List']'.</msg>
<status status="PASS" starttime="20230607 10:58:39.908" endtime="20230607 10:58:40.084"/>
</kw>
<status status="PASS" starttime="20230607 10:58:39.615" endtime="20230607 10:58:40.084"/>
</test>
<test id="s1-t3" name="Validate Holiday Page">
<kw name="Element Text Should Be" library="SeleniumLibrary">
<arg>${VerifyHolidayPage}</arg>
<arg>${HolidayPageText}</arg>
<doc>Verifies that element ``locator`` contains exact the text ``expected``.</doc>
<msg timestamp="20230607 10:58:40.090" level="INFO">Verifying element 'css=h4[class='top_heading_text']' contains exact text 'Holiday List'.</msg>
<status status="PASS" starttime="20230607 10:58:40.090" endtime="20230607 10:58:40.123"/>
</kw>
<kw name="Click Element" library="SeleniumLibrary">
<arg>${SelectYear}</arg>
<doc>Click the element identified by ``locator``.</doc>
<msg timestamp="20230607 10:58:40.123" level="INFO">Clicking element 'css=select[id='holiday_year']'.</msg>
<status status="PASS" starttime="20230607 10:58:40.123" endtime="20230607 10:58:40.183"/>
</kw>
<kw name="Select From List By Label" library="SeleniumLibrary">
<arg>${SelectYear}</arg>
<arg>2022</arg>
<doc>Selects options from selection list ``locator`` by ``labels``.</doc>
<msg timestamp="20230607 10:58:40.186" level="INFO">Selecting options from selection list 'css=select[id='holiday_year']' by label 2022.</msg>
<status status="PASS" starttime="20230607 10:58:40.183" endtime="20230607 10:58:40.266"/>
</kw>
<kw name="Click Element" library="SeleniumLibrary">
<arg>${SelectBranchName}</arg>
<doc>Click the element identified by ``locator``.</doc>
<msg timestamp="20230607 10:58:40.266" level="INFO">Clicking element 'css=select[id='branch_id']'.</msg>
<status status="PASS" starttime="20230607 10:58:40.266" endtime="20230607 10:58:40.350"/>
</kw>
<kw name="Select From List By Label" library="SeleniumLibrary">
<arg>${SelectBranchName}</arg>
<arg>Ahmedabad</arg>
<doc>Selects options from selection list ``locator`` by ``labels``.</doc>
<msg timestamp="20230607 10:58:40.352" level="INFO">Selecting options from selection list 'css=select[id='branch_id']' by label Ahmedabad.</msg>
<status status="PASS" starttime="20230607 10:58:40.351" endtime="20230607 10:58:40.406"/>
</kw>
<kw name="Click Button" library="SeleniumLibrary">
<arg>${SubmitButton}</arg>
<doc>Clicks the button identified by ``locator``.</doc>
<msg timestamp="20230607 10:58:40.414" level="INFO">Clicking button 'css=button[name='btn_submit_holiday']'.</msg>
<status status="PASS" starttime="20230607 10:58:40.414" endtime="20230607 10:58:40.548"/>
</kw>
<kw name="Holidaylist" library="extendedLibrary">
<arg>Hello</arg>
<msg timestamp="20230607 10:58:40.598" level="INFO">Hello</msg>
<msg timestamp="20230607 10:58:40.598" level="FAIL">SSLError: HTTPSConnectionPool(host='intranet.einfochips.com', port=443): Max retries exceeded with url: /employee_intranet/portal/leave/holidaylist (Caused by SSLError(SSLCertVerificationError(1, '[SSL: CERTIFICATE_VERIFY_FAILED] certificate verify failed: unable to get local issuer certificate (_ssl.c:1122)')))</msg>
<status status="FAIL" starttime="20230607 10:58:40.549" endtime="20230607 10:58:40.598"/>
</kw>
<status status="FAIL" starttime="20230607 10:58:40.089" endtime="20230607 10:58:40.606">SSLError: HTTPSConnectionPool(host='intranet.einfochips.com', port=443): Max retries exceeded with url: /employee_intranet/portal/leave/holidaylist (Caused by SSLError(SSLCertVerificationError(1, '[SSL: CERTIFICATE_VERIFY_FAILED] certificate verify failed: unable to get local issuer certificate (_ssl.c:1122)')))</status>
</test>
<kw name="Sign Out And Close Browser" library="common_keywords" type="TEARDOWN">
<kw name="Mouse Down" library="SeleniumLibrary">
<arg>${Signout}</arg>
<doc>Simulates pressing the left mouse button on the element ``locator``.</doc>
<msg timestamp="20230607 10:58:40.606" level="INFO">Simulating Mouse Down on element 'xpath=//a[text()='Logout']'.</msg>
<status status="PASS" starttime="20230607 10:58:40.606" endtime="20230607 10:58:40.901"/>
</kw>
<kw name="Mouse Up" library="SeleniumLibrary">
<arg>${Signout}</arg>
<doc>Simulates releasing the left mouse button on the element ``locator``.</doc>
<msg timestamp="20230607 10:58:40.901" level="INFO">Simulating Mouse Up on element 'xpath=//a[text()='Logout']'.</msg>
<status status="PASS" starttime="20230607 10:58:40.901" endtime="20230607 10:58:42.111"/>
</kw>
<kw name="Close Browser" library="SeleniumLibrary">
<doc>Closes the current browser.</doc>
<status status="PASS" starttime="20230607 10:58:42.112" endtime="20230607 10:58:44.295"/>
</kw>
<status status="PASS" starttime="20230607 10:58:40.606" endtime="20230607 10:58:44.295"/>
</kw>
<status status="FAIL" starttime="20230607 10:58:33.037" endtime="20230607 10:58:44.295"/>
</suite>
<statistics>
<total>
<stat pass="2" fail="1" skip="0">All Tests</stat>
</total>
<tag>
</tag>
<suite>
<stat pass="2" fail="1" skip="0" id="s1" name="Holiday List Difference">Holiday List Difference</stat>
</suite>
</statistics>
<errors>
</errors>
</robot>
